<?xml version="1.0" encoding="utf-8"?><testsuites name="pytest tests"><testsuite name="pytest" errors="0" failures="0" skipped="0" tests="6" time="5.117" timestamp="2026-05-20T03:16:59.099293+00:00" hostname="agent-env-2a27dfe3-c5c8-4f5e-8d52-61a08f8ffbc7"><testcase classname="backend.tests.test_cross_workspace.TestCrossWorkspaceDeepLink" name="test_full_scenario" time="1.657" /><testcase classname="backend.tests.test_cross_workspace.TestAcceptInviteCookie" name="test_accept_sets_active_workspace_cookie" time="0.406" /><testcase classname="backend.tests.test_cross_workspace.TestAcceptInviteCookie" name="test_accept_idempotent_when_already_member" time="0.473" /><testcase classname="backend.tests.test_cross_workspace.TestSprintCrossWorkspace" name="test_get_sprint_works_with_mismatched_active_ws" time="0.769" /><testcase classname="backend.tests.test_cross_workspace.TestSprintCrossWorkspace" name="test_burndown_cross_workspace" time="0.130" /><testcase classname="backend.tests.test_cross_workspace.TestAttachmentCrossWorkspace" name="test_uploader_can_delete_with_mismatched_active_ws" time="1.602" /></testsuite></testsuites>