<?xml version="1.0" encoding="utf-8"?><testsuites name="pytest tests"><testsuite name="pytest" errors="0" failures="0" skipped="0" tests="59" time="18.529" timestamp="2026-05-20T03:17:08.794872+00:00" hostname="agent-env-2a27dfe3-c5c8-4f5e-8d52-61a08f8ffbc7"><testcase classname="backend.tests.test_backend" name="test_health" time="0.140" /><testcase classname="backend.tests.test_backend.TestAuth" name="test_login_demo_sets_cookie" time="0.327" /><testcase classname="backend.tests.test_backend.TestAuth" name="test_login_bad_password" time="0.352" /><testcase classname="backend.tests.test_backend.TestAuth" name="test_register_new_user_and_me" time="0.380" /><testcase classname="backend.tests.test_backend.TestAuth" name="test_register_duplicate_fails" time="0.127" /><testcase classname="backend.tests.test_backend.TestAuth" name="test_me_unauthenticated_401" time="0.102" /><testcase classname="backend.tests.test_backend.TestAuth" name="test_me_with_bearer_header" time="0.466" /><testcase classname="backend.tests.test_backend.TestAuth" name="test_logout_clears_cookies" time="0.518" /><testcase classname="backend.tests.test_backend.TestAuth" name="test_session_invalid_session_id_returns_4xx" time="0.207" /><testcase classname="backend.tests.test_backend.TestAuthGating" name="test_projects_requires_auth" time="0.130" /><testcase classname="backend.tests.test_backend.TestAuthGating" name="test_workspace_requires_auth" time="0.094" /><testcase classname="backend.tests.test_backend.TestWorkspace" name="test_current_workspace_is_linearsync" time="0.048" /><testcase classname="backend.tests.test_backend.TestWorkspace" name="test_list_projects_contains_core" time="0.048" /><testcase classname="backend.tests.test_backend.TestWorkspace" name="test_get_project_core" time="0.050" /><testcase classname="backend.tests.test_backend.TestWorkspace" name="test_members_includes_demo_and_teammates" time="0.050" /><testcase classname="backend.tests.test_backend.TestTasks" name="test_list_seeded_tasks_25_across_statuses" time="0.052" /><testcase classname="backend.tests.test_backend.TestTasks" name="test_create_update_delete_task" time="0.298" /><testcase classname="backend.tests.test_backend.TestComments" name="test_seeded_comment_on_core_254" time="0.053" /><testcase classname="backend.tests.test_backend.TestComments" name="test_add_new_comment" time="0.101" /><testcase classname="backend.tests.test_backend.TestMyIssues" name="test_my_issues_returns_demo_assigned_tasks" time="0.052" /><testcase classname="backend.tests.test_backend.TestMyIssues" name="test_my_issues_requires_auth" time="0.124" /><testcase classname="backend.tests.test_backend.TestProjectsCRUD" name="test_create_and_delete_project" time="0.199" /><testcase classname="backend.tests.test_backend.TestProjectsCRUD" name="test_delete_project_non_owner_403" time="0.467" /><testcase classname="backend.tests.test_backend.TestProjectsCRUD" name="test_delete_project_removes_tasks" time="0.199" /><testcase classname="backend.tests.test_backend.TestInvites" name="test_owner_create_list_revoke_invite" time="0.261" /><testcase classname="backend.tests.test_backend.TestInvites" name="test_invite_create_non_owner_403" time="0.942" /><testcase classname="backend.tests.test_backend.TestInvites" name="test_accept_invite_idempotent_and_membership_persists" time="0.636" /><testcase classname="backend.tests.test_backend.TestInvites" name="test_get_invite_invalid_code_404" time="0.108" /><testcase classname="backend.tests.test_backend.TestWebSocket" name="test_ws_unauth_closes_4401" time="0.194" /><testcase classname="backend.tests.test_backend.TestWebSocket" name="test_ws_authenticated_presence_and_task_broadcast" time="0.807" /><testcase classname="backend.tests.test_cross_workspace.TestCrossWorkspaceDeepLink" name="test_full_scenario" time="1.313" /><testcase classname="backend.tests.test_cross_workspace.TestAcceptInviteCookie" name="test_accept_sets_active_workspace_cookie" time="0.396" /><testcase classname="backend.tests.test_cross_workspace.TestAcceptInviteCookie" name="test_accept_idempotent_when_already_member" time="0.510" /><testcase classname="backend.tests.test_cross_workspace.TestSprintCrossWorkspace" name="test_get_sprint_works_with_mismatched_active_ws" time="0.872" /><testcase classname="backend.tests.test_cross_workspace.TestSprintCrossWorkspace" name="test_burndown_cross_workspace" time="0.136" /><testcase classname="backend.tests.test_cross_workspace.TestAttachmentCrossWorkspace" name="test_uploader_can_delete_with_mismatched_active_ws" time="1.438" /><testcase classname="backend.tests.test_sprint4.TestWorkspaces" name="test_list_workspaces_returns_linearsync" time="0.401" /><testcase classname="backend.tests.test_sprint4.TestWorkspaces" name="test_switch_workspace_success_sets_cookie" time="0.061" /><testcase classname="backend.tests.test_sprint4.TestWorkspaces" name="test_switch_workspace_no_access_404" time="0.062" /><testcase classname="backend.tests.test_sprint4.TestWorkspaces" name="test_x_workspace_id_header_scopes_projects" time="0.121" /><testcase classname="backend.tests.test_sprint4.TestSprints" name="test_create_sprint_initial_status_planned" time="0.062" /><testcase classname="backend.tests.test_sprint4.TestSprints" name="test_list_sprints_includes_created" time="0.062" /><testcase classname="backend.tests.test_sprint4.TestSprints" name="test_patch_status_planned_to_active" time="0.062" /><testcase classname="backend.tests.test_sprint4.TestSprints" name="test_add_tasks_to_sprint" time="0.131" /><testcase classname="backend.tests.test_sprint4.TestSprints" name="test_remove_task_from_sprint" time="0.130" /><testcase classname="backend.tests.test_sprint4.TestSprints" name="test_burndown_shape" time="0.064" /><testcase classname="backend.tests.test_sprint4.TestSprints" name="test_complete_sets_completed_at" time="0.061" /><testcase classname="backend.tests.test_sprint4.TestSprints" name="test_velocity_counts_only_completed" time="0.063" /><testcase classname="backend.tests.test_sprint4.TestSprints" name="test_delete_sprint_non_owner_403" time="0.460" /><testcase classname="backend.tests.test_sprint4.TestNotifications" name="test_list_notifications_shape" time="0.060" /><testcase classname="backend.tests.test_sprint4.TestNotifications" name="test_unread_count_shape" time="0.060" /><testcase classname="backend.tests.test_sprint4.TestNotifications" name="test_assigning_task_creates_notification_for_assignee" time="2.042" /><testcase classname="backend.tests.test_sprint4.TestCloudinary" name="test_signature_returns_valid_params" time="0.060" /><testcase classname="backend.tests.test_sprint4.TestCloudinary" name="test_signature_rejects_invalid_folder" time="0.059" /><testcase classname="backend.tests.test_sprint4.TestCloudinary" name="test_signature_requires_auth" time="0.135" /><testcase classname="backend.tests.test_sprint4.TestAttachments" name="test_create_list_delete_attachment" time="0.486" /><testcase classname="backend.tests.test_sprint4.TestAttachments" name="test_attachment_delete_by_non_uploader_non_owner_forbidden" time="0.860" /><testcase classname="backend.tests.test_sprint4.TestProjectCascadeDelete" name="test_delete_project_cascades_tasks_comments_attachments_sprints" time="0.674" /><testcase classname="backend.tests.test_sprint4.TestCORS" name="test_cors_preflight_from_preview_url" time="0.067" /></testsuite></testsuites>