<?xml version="1.0" encoding="utf-8"?><testsuites name="pytest tests"><testsuite name="pytest" errors="0" failures="0" skipped="0" tests="19" time="3.691" timestamp="2026-05-19T10:02:22.258117+00:00" hostname="agent-env-2a27dfe3-c5c8-4f5e-8d52-61a08f8ffbc7"><testcase classname="backend.tests.test_backend" name="test_health" time="0.154" /><testcase classname="backend.tests.test_backend.TestAuth" name="test_login_demo_sets_cookie" time="0.362" /><testcase classname="backend.tests.test_backend.TestAuth" name="test_login_bad_password" time="0.334" /><testcase classname="backend.tests.test_backend.TestAuth" name="test_register_new_user_and_me" time="0.389" /><testcase classname="backend.tests.test_backend.TestAuth" name="test_register_duplicate_fails" time="0.116" /><testcase classname="backend.tests.test_backend.TestAuth" name="test_me_unauthenticated_401" time="0.162" /><testcase classname="backend.tests.test_backend.TestAuth" name="test_me_with_bearer_header" time="0.430" /><testcase classname="backend.tests.test_backend.TestAuth" name="test_logout_clears_cookies" time="0.458" /><testcase classname="backend.tests.test_backend.TestAuth" name="test_session_invalid_session_id_returns_4xx" time="0.268" /><testcase classname="backend.tests.test_backend.TestAuthGating" name="test_projects_requires_auth" time="0.099" /><testcase classname="backend.tests.test_backend.TestAuthGating" name="test_workspace_requires_auth" time="0.113" /><testcase classname="backend.tests.test_backend.TestWorkspace" name="test_current_workspace_is_linearsync" time="0.046" /><testcase classname="backend.tests.test_backend.TestWorkspace" name="test_list_projects_contains_core" time="0.046" /><testcase classname="backend.tests.test_backend.TestWorkspace" name="test_get_project_core" time="0.046" /><testcase classname="backend.tests.test_backend.TestWorkspace" name="test_members_includes_demo_and_teammates" time="0.047" /><testcase classname="backend.tests.test_backend.TestTasks" name="test_list_seeded_tasks_25_across_statuses" time="0.047" /><testcase classname="backend.tests.test_backend.TestTasks" name="test_create_update_delete_task" time="0.280" /><testcase classname="backend.tests.test_backend.TestComments" name="test_seeded_comment_on_core_254" time="0.045" /><testcase classname="backend.tests.test_backend.TestComments" name="test_add_new_comment" time="0.092" /></testsuite></testsuites>