<?xml version="1.0" encoding="utf-8"?><testsuites name="pytest tests"><testsuite name="pytest" errors="0" failures="0" skipped="0" tests="30" time="7.415" timestamp="2026-05-19T10:24:49.778743+00:00" hostname="agent-env-2a27dfe3-c5c8-4f5e-8d52-61a08f8ffbc7"><testcase classname="backend.tests.test_backend" name="test_health" time="0.211" /><testcase classname="backend.tests.test_backend.TestAuth" name="test_login_demo_sets_cookie" time="0.340" /><testcase classname="backend.tests.test_backend.TestAuth" name="test_login_bad_password" time="0.332" /><testcase classname="backend.tests.test_backend.TestAuth" name="test_register_new_user_and_me" time="0.421" /><testcase classname="backend.tests.test_backend.TestAuth" name="test_register_duplicate_fails" time="0.104" /><testcase classname="backend.tests.test_backend.TestAuth" name="test_me_unauthenticated_401" time="0.119" /><testcase classname="backend.tests.test_backend.TestAuth" name="test_me_with_bearer_header" time="0.458" /><testcase classname="backend.tests.test_backend.TestAuth" name="test_logout_clears_cookies" time="0.403" /><testcase classname="backend.tests.test_backend.TestAuth" name="test_session_invalid_session_id_returns_4xx" time="0.208" /><testcase classname="backend.tests.test_backend.TestAuthGating" name="test_projects_requires_auth" time="0.131" /><testcase classname="backend.tests.test_backend.TestAuthGating" name="test_workspace_requires_auth" time="0.102" /><testcase classname="backend.tests.test_backend.TestWorkspace" name="test_current_workspace_is_linearsync" time="0.047" /><testcase classname="backend.tests.test_backend.TestWorkspace" name="test_list_projects_contains_core" time="0.048" /><testcase classname="backend.tests.test_backend.TestWorkspace" name="test_get_project_core" time="0.048" /><testcase classname="backend.tests.test_backend.TestWorkspace" name="test_members_includes_demo_and_teammates" time="0.048" /><testcase classname="backend.tests.test_backend.TestTasks" name="test_list_seeded_tasks_25_across_statuses" time="0.049" /><testcase classname="backend.tests.test_backend.TestTasks" name="test_create_update_delete_task" time="0.299" /><testcase classname="backend.tests.test_backend.TestComments" name="test_seeded_comment_on_core_254" time="0.047" /><testcase classname="backend.tests.test_backend.TestComments" name="test_add_new_comment" time="0.096" /><testcase classname="backend.tests.test_backend.TestMyIssues" name="test_my_issues_returns_demo_assigned_tasks" time="0.049" /><testcase classname="backend.tests.test_backend.TestMyIssues" name="test_my_issues_requires_auth" time="0.133" /><testcase classname="backend.tests.test_backend.TestProjectsCRUD" name="test_create_and_delete_project" time="0.190" /><testcase classname="backend.tests.test_backend.TestProjectsCRUD" name="test_delete_project_non_owner_403" time="0.409" /><testcase classname="backend.tests.test_backend.TestProjectsCRUD" name="test_delete_project_removes_tasks" time="0.186" /><testcase classname="backend.tests.test_backend.TestInvites" name="test_owner_create_list_revoke_invite" time="0.250" /><testcase classname="backend.tests.test_backend.TestInvites" name="test_invite_create_non_owner_403" time="0.903" /><testcase classname="backend.tests.test_backend.TestInvites" name="test_accept_invite_idempotent_and_membership_persists" time="0.706" /><testcase classname="backend.tests.test_backend.TestInvites" name="test_get_invite_invalid_code_404" time="0.113" /><testcase classname="backend.tests.test_backend.TestWebSocket" name="test_ws_unauth_closes_4401" time="0.145" /><testcase classname="backend.tests.test_backend.TestWebSocket" name="test_ws_authenticated_presence_and_task_broadcast" time="0.612" /></testsuite></testsuites>