<?xml version="1.0" encoding="utf-8"?><testsuites name="pytest tests"><testsuite name="pytest" errors="0" failures="0" skipped="0" tests="53" time="13.091" timestamp="2026-05-19T11:01:28.078489+00:00" hostname="agent-env-2a27dfe3-c5c8-4f5e-8d52-61a08f8ffbc7"><testcase classname="backend.tests.test_sprint4.TestWorkspaces" name="test_list_workspaces_returns_linearsync" time="0.542" /><testcase classname="backend.tests.test_sprint4.TestWorkspaces" name="test_switch_workspace_success_sets_cookie" time="0.045" /><testcase classname="backend.tests.test_sprint4.TestWorkspaces" name="test_switch_workspace_no_access_404" time="0.064" /><testcase classname="backend.tests.test_sprint4.TestWorkspaces" name="test_x_workspace_id_header_scopes_projects" time="0.099" /><testcase classname="backend.tests.test_sprint4.TestSprints" name="test_create_sprint_initial_status_planned" time="0.050" /><testcase classname="backend.tests.test_sprint4.TestSprints" name="test_list_sprints_includes_created" time="0.054" /><testcase classname="backend.tests.test_sprint4.TestSprints" name="test_patch_status_planned_to_active" time="0.048" /><testcase classname="backend.tests.test_sprint4.TestSprints" name="test_add_tasks_to_sprint" time="0.096" /><testcase classname="backend.tests.test_sprint4.TestSprints" name="test_remove_task_from_sprint" time="0.092" /><testcase classname="backend.tests.test_sprint4.TestSprints" name="test_burndown_shape" time="0.051" /><testcase classname="backend.tests.test_sprint4.TestSprints" name="test_complete_sets_completed_at" time="0.046" /><testcase classname="backend.tests.test_sprint4.TestSprints" name="test_velocity_counts_only_completed" time="0.046" /><testcase classname="backend.tests.test_sprint4.TestSprints" name="test_delete_sprint_non_owner_403" time="0.482" /><testcase classname="backend.tests.test_sprint4.TestNotifications" name="test_list_notifications_shape" time="0.047" /><testcase classname="backend.tests.test_sprint4.TestNotifications" name="test_unread_count_shape" time="0.046" /><testcase classname="backend.tests.test_sprint4.TestNotifications" name="test_assigning_task_creates_notification_for_assignee" time="1.896" /><testcase classname="backend.tests.test_sprint4.TestCloudinary" name="test_signature_returns_valid_params" time="0.047" /><testcase classname="backend.tests.test_sprint4.TestCloudinary" name="test_signature_rejects_invalid_folder" time="0.045" /><testcase classname="backend.tests.test_sprint4.TestCloudinary" name="test_signature_requires_auth" time="0.110" /><testcase classname="backend.tests.test_sprint4.TestAttachments" name="test_create_list_delete_attachment" time="0.637" /><testcase classname="backend.tests.test_sprint4.TestAttachments" name="test_attachment_delete_by_non_uploader_non_owner_forbidden" time="0.747" /><testcase classname="backend.tests.test_sprint4.TestProjectCascadeDelete" name="test_delete_project_cascades_tasks_comments_attachments_sprints" time="0.596" /><testcase classname="backend.tests.test_sprint4.TestCORS" name="test_cors_preflight_from_preview_url" time="0.095" /><testcase classname="backend.tests.test_backend" name="test_health" time="0.098" /><testcase classname="backend.tests.test_backend.TestAuth" name="test_login_demo_sets_cookie" time="0.366" /><testcase classname="backend.tests.test_backend.TestAuth" name="test_login_bad_password" time="0.317" /><testcase classname="backend.tests.test_backend.TestAuth" name="test_register_new_user_and_me" time="0.414" /><testcase classname="backend.tests.test_backend.TestAuth" name="test_register_duplicate_fails" time="0.138" /><testcase classname="backend.tests.test_backend.TestAuth" name="test_me_unauthenticated_401" time="0.105" /><testcase classname="backend.tests.test_backend.TestAuth" name="test_me_with_bearer_header" time="0.474" /><testcase classname="backend.tests.test_backend.TestAuth" name="test_logout_clears_cookies" time="0.427" /><testcase classname="backend.tests.test_backend.TestAuth" name="test_session_invalid_session_id_returns_4xx" time="0.216" /><testcase classname="backend.tests.test_backend.TestAuthGating" name="test_projects_requires_auth" time="0.103" /><testcase classname="backend.tests.test_backend.TestAuthGating" name="test_workspace_requires_auth" time="0.102" /><testcase classname="backend.tests.test_backend.TestWorkspace" name="test_current_workspace_is_linearsync" time="0.047" /><testcase classname="backend.tests.test_backend.TestWorkspace" name="test_list_projects_contains_core" time="0.046" /><testcase classname="backend.tests.test_backend.TestWorkspace" name="test_get_project_core" time="0.047" /><testcase classname="backend.tests.test_backend.TestWorkspace" name="test_members_includes_demo_and_teammates" time="0.048" /><testcase classname="backend.tests.test_backend.TestTasks" name="test_list_seeded_tasks_25_across_statuses" time="0.052" /><testcase classname="backend.tests.test_backend.TestTasks" name="test_create_update_delete_task" time="0.296" /><testcase classname="backend.tests.test_backend.TestComments" name="test_seeded_comment_on_core_254" time="0.050" /><testcase classname="backend.tests.test_backend.TestComments" name="test_add_new_comment" time="0.094" /><testcase classname="backend.tests.test_backend.TestMyIssues" name="test_my_issues_returns_demo_assigned_tasks" time="0.049" /><testcase classname="backend.tests.test_backend.TestMyIssues" name="test_my_issues_requires_auth" time="0.096" /><testcase classname="backend.tests.test_backend.TestProjectsCRUD" name="test_create_and_delete_project" time="0.187" /><testcase classname="backend.tests.test_backend.TestProjectsCRUD" name="test_delete_project_non_owner_403" time="0.369" /><testcase classname="backend.tests.test_backend.TestProjectsCRUD" name="test_delete_project_removes_tasks" time="0.196" /><testcase classname="backend.tests.test_backend.TestInvites" name="test_owner_create_list_revoke_invite" time="0.238" /><testcase classname="backend.tests.test_backend.TestInvites" name="test_invite_create_non_owner_403" time="0.922" /><testcase classname="backend.tests.test_backend.TestInvites" name="test_accept_invite_idempotent_and_membership_persists" time="0.622" /><testcase classname="backend.tests.test_backend.TestInvites" name="test_get_invite_invalid_code_404" time="0.106" /><testcase classname="backend.tests.test_backend.TestWebSocket" name="test_ws_unauth_closes_4401" time="0.153" /><testcase classname="backend.tests.test_backend.TestWebSocket" name="test_ws_authenticated_presence_and_task_broadcast" time="0.607" /></testsuite></testsuites>